c:\users\10323\documents\visual studio 2013\projects\mfcapplication1\mfcapplication1\debug\mfcapplication1.pch
c:\users\10323\documents\visual studio 2013\projects\mfcapplication1\mfcapplication1\debug\vc120.pdb
c:\users\10323\documents\visual studio 2013\projects\mfcapplication1\mfcapplication1\debug\vc120.idb
c:\users\10323\documents\visual studio 2013\projects\mfcapplication1\mfcapplication1\debug\stdafx.obj
c:\users\10323\documents\visual studio 2013\projects\mfcapplication1\mfcapplication1\debug\mfcapplication1.obj
c:\users\10323\documents\visual studio 2013\projects\mfcapplication1\mfcapplication1\debug\mfcapplication1dlg.obj
c:\users\10323\documents\visual studio 2013\projects\mfcapplication1\mfcapplication1\debug\test.obj
c:\users\10323\documents\visual studio 2013\projects\mfcapplication1\debug\mfcapplication1.ilk
c:\users\10323\documents\visual studio 2013\projects\mfcapplication1\debug\mfcapplication1.exe
c:\users\10323\documents\visual studio 2013\projects\mfcapplication1\debug\mfcapplication1.pdb
c:\users\10323\documents\visual studio 2013\projects\mfcapplication1\mfcapplication1\debug\mfcapplication1.res
c:\users\10323\documents\visual studio 2013\projects\mfcapplication1\mfcapplication1\debug\mfcapplication1.tlog\cl.command.1.tlog
c:\users\10323\documents\visual studio 2013\projects\mfcapplication1\mfcapplication1\debug\mfcapplication1.tlog\cl.read.1.tlog
c:\users\10323\documents\visual studio 2013\projects\mfcapplication1\mfcapplication1\debug\mfcapplication1.tlog\cl.write.1.tlog
c:\users\10323\documents\visual studio 2013\projects\mfcapplication1\mfcapplication1\debug\mfcapplication1.tlog\link.command.1.tlog
c:\users\10323\documents\visual studio 2013\projects\mfcapplication1\mfcapplication1\debug\mfcapplication1.tlog\link.read.1.tlog
c:\users\10323\documents\visual studio 2013\projects\mfcapplication1\mfcapplication1\debug\mfcapplication1.tlog\link.write.1.tlog
c:\users\10323\documents\visual studio 2013\projects\mfcapplication1\mfcapplication1\debug\mfcapplication1.tlog\rc.command.1.tlog
c:\users\10323\documents\visual studio 2013\projects\mfcapplication1\mfcapplication1\debug\mfcapplication1.tlog\rc.read.1.tlog
c:\users\10323\documents\visual studio 2013\projects\mfcapplication1\mfcapplication1\debug\mfcapplication1.tlog\rc.write.1.tlog
